Flow report for top
Thu Feb  6 11:17:12 2025
Quartus Prime Version 23.1std.1 Build 993 05/14/2024 SC Lite Edition


---------------------
; Table of Contents ;
---------------------
  1. Legal Notice
  2. Flow Summary
  3. Flow Settings
  4. Flow Non-Default Global Settings
  5. Flow Elapsed Time
  6. Flow OS Summary
  7. Flow Log
  8. Flow Messages
  9. Flow Suppressed Messages



----------------
; Legal Notice ;
----------------
Copyright (C) 2024  Intel Corporation. All rights reserved.
Your use of Intel Corporation's design tools, logic functions 
and other software and tools, and any partner logic 
functions, and any output files from any of the foregoing 
(including device programming or simulation files), and any 
associated documentation or information are expressly subject 
to the terms and conditions of the Intel Program License 
Subscription Agreement, the Intel Quartus Prime License Agreement,
the Intel FPGA IP License Agreement, or other applicable license
agreement, including, without limitation, that your use is for
the sole purpose of programming logic devices manufactured by
Intel and sold by Intel or its authorized distributors.  Please
refer to the applicable agreement for further details, at
https://fpgasoftware.intel.com/eula.



+-------------------------------------------------------------------------------------+
; Flow Summary                                                                        ;
+------------------------------------+------------------------------------------------+
; Flow Status                        ; Successful - Thu Feb  6 11:17:08 2025          ;
; Quartus Prime Version              ; 23.1std.1 Build 993 05/14/2024 SC Lite Edition ;
; Revision Name                      ; top                                            ;
; Top-level Entity Name              ; top                                            ;
; Family                             ; Cyclone IV E                                   ;
; Device                             ; EP4CE10E22C8                                   ;
; Timing Models                      ; Final                                          ;
; Total logic elements               ; 1 / 10,320 ( < 1 % )                           ;
;     Total combinational functions  ; 1 / 10,320 ( < 1 % )                           ;
;     Dedicated logic registers      ; 0 / 10,320 ( 0 % )                             ;
; Total registers                    ; 0                                              ;
; Total pins                         ; 10 / 92 ( 11 % )                               ;
; Total virtual pins                 ; 0                                              ;
; Total memory bits                  ; 0 / 423,936 ( 0 % )                            ;
; Embedded Multiplier 9-bit elements ; 0 / 46 ( 0 % )                                 ;
; Total PLLs                         ; 0 / 2 ( 0 % )                                  ;
+------------------------------------+------------------------------------------------+


+-----------------------------------------+
; Flow Settings                           ;
+-------------------+---------------------+
; Option            ; Setting             ;
+-------------------+---------------------+
; Start date & time ; 02/06/2025 11:16:37 ;
; Main task         ; Compilation         ;
; Revision Name     ; top                 ;
+-------------------+---------------------+


+-------------------------------------------------------------------------------------------------------+
; Flow Non-Default Global Settings                                                                      ;
+--------------------------+---------------------------------+---------------+-------------+------------+
; Assignment Name          ; Value                           ; Default Value ; Entity Name ; Section Id ;
+--------------------------+---------------------------------+---------------+-------------+------------+
; COMPILER_SIGNATURE_ID    ; 211211543612372.173885859702799 ; --            ; --          ; --         ;
; PROJECT_OUTPUT_DIRECTORY ; build                           ; --            ; --          ; --         ;
+--------------------------+---------------------------------+---------------+-------------+------------+


+--------------------------------------------------------------------------------------------------------------------------+
; Flow Elapsed Time                                                                                                        ;
+----------------------+--------------+-------------------------+---------------------+------------------------------------+
; Module Name          ; Elapsed Time ; Average Processors Used ; Peak Virtual Memory ; Total CPU Time (on all processors) ;
+----------------------+--------------+-------------------------+---------------------+------------------------------------+
; Analysis & Synthesis ; 00:00:20     ; 1.0                     ; 343 MB              ; 00:00:42                           ;
; Fitter               ; 00:00:07     ; 1.0                     ; 656 MB              ; 00:00:07                           ;
; Assembler            ; 00:00:01     ; 1.0                     ; 352 MB              ; 00:00:01                           ;
; Timing Analyzer      ; 00:00:03     ; 1.0                     ; 418 MB              ; 00:00:02                           ;
; Total                ; 00:00:31     ; --                      ; --                  ; 00:00:52                           ;
+----------------------+--------------+-------------------------+---------------------+------------------------------------+


+---------------------------------------------------------------------------------------------------------+
; Flow OS Summary                                                                                         ;
+----------------------+---------------------------------------+------------+------------+----------------+
; Module Name          ; Machine Hostname                      ; OS Name    ; OS Version ; Processor type ;
+----------------------+---------------------------------------+------------+------------+----------------+
; Analysis & Synthesis ; r4gn4r550n-HP-Pavilion-g4-Notebook-PC ; Linux Mint ; 22         ; x86_64         ;
; Fitter               ; r4gn4r550n-HP-Pavilion-g4-Notebook-PC ; Linux Mint ; 22         ; x86_64         ;
; Assembler            ; r4gn4r550n-HP-Pavilion-g4-Notebook-PC ; Linux Mint ; 22         ; x86_64         ;
; Timing Analyzer      ; r4gn4r550n-HP-Pavilion-g4-Notebook-PC ; Linux Mint ; 22         ; x86_64         ;
+----------------------+---------------------------------------+------------+------------+----------------+


------------
; Flow Log ;
------------
quartus_map --read_settings_files=on --write_settings_files=off top -c top
quartus_fit --read_settings_files=off --write_settings_files=off top -c top
quartus_asm --read_settings_files=off --write_settings_files=off top -c top
quartus_sta top -c top



